<?xml version="1.0" encoding="UTF-8"?>
<!-- Generated by org.testng.reporters.JUnitXMLReporter -->
<testsuite ignored="0" hostname="DESKTOP-N4ELI3P" failures="0" tests="3" name="Default test" time="10.201" errors="0" timestamp="2024-11-13T22:12:49 EST">
  <testcase classname="com.socialmedia.qa.tests.LoginPageTest" name="loginPageTitleTest" time="0.008"/>
  <testcase classname="com.socialmedia.qa.tests.LoginPageTest" name="loginTest" time="1.366"/>
  <testcase classname="com.socialmedia.qa.tests.LoginPageTest" name="loginTest" time="1.386"/>
</testsuite> <!-- Default test -->
