<?xml version="1.0" encoding="UTF-8"?>
<!-- Generated by org.testng.reporters.JUnitXMLReporter -->
<testsuite ignored="0" hostname="DESKTOP-N4ELI3P" failures="0" tests="2" name="Home Page Tests" time="5.348" errors="0" timestamp="2024-11-13T22:19:31 EST">
  <testcase classname="com.socialmedia.qa.tests.HomePageTest" name="verifyHomePageTitleTest" time="0.005"/>
  <testcase classname="com.socialmedia.qa.tests.HomePageTest" name="verifyHomeTextTest" time="0.019"/>
</testsuite> <!-- Home Page Tests -->
