<?xml version="1.0" encoding="UTF-8"?>
<!-- Generated by org.testng.reporters.JUnitXMLReporter -->
<testsuite ignored="0" hostname="DESKTOP-N4ELI3P" failures="0" tests="3" name="Login Tests" time="10.729" errors="0" timestamp="2024-11-13T22:19:26 EST">
  <testcase classname="com.socialmedia.qa.tests.LoginPageTest" name="loginPageTitleTest" time="0.011"/>
  <testcase classname="com.socialmedia.qa.tests.LoginPageTest" name="loginTest" time="1.4"/>
  <testcase classname="com.socialmedia.qa.tests.LoginPageTest" name="loginTest" time="1.476"/>
</testsuite> <!-- Login Tests -->
